#
# There is insufficient memory for the Java Runtime Environment to continue.
# Native memory allocation (mmap) failed to map 100663296 bytes for Failed to commit area from 0x00000000a0e00000 to 0x00000000a6e00000 of length 100663296.
# Possible reasons:
#   The system is out of physical RAM or swap space
#   The process is running with CompressedOops enabled, and the Java Heap may be blocking the growth of the native heap
# Possible solutions:
#   Reduce memory load on the system
#   Increase physical memory or swap space
#   Check if swap backing store is full
#   Decrease Java heap size (-Xmx/-Xms)
#   Decrease number of Java threads
#   Decrease Java thread stack sizes (-Xss)
#   Set larger code cache with -XX:ReservedCodeCacheSize=
# This output file may be truncated or incomplete.
#
#  Out of Memory Error (./src/hotspot/os/windows/os_windows.cpp:3511), pid=12228, tid=11472
#
# JRE version:  (11.0.11+9) (build )
# Java VM: OpenJDK 64-Bit Server VM (11.0.11+9-b1504.13, mixed mode, sharing, tiered, compressed oops, g1 gc, windows-amd64)
# No core dump will be written. Minidumps are not enabled by default on client versions of Windows
#

---------------  S U M M A R Y ------------

Command Line: git4idea.http.GitAskPassApp Username for 'https://github.com': 

Host: AMD A8-5500 APU with Radeon(tm) HD Graphics    , 4 cores, 5G,  Windows 10 , 64 bit Build 19041 (10.0.19041.292)
Time: Wed Aug 18 05:43:09 2021 Финляндия (лето) elapsed time: 0.014046 seconds (0d 0h 0m 0s)

---------------  T H R E A D  ---------------

Current thread (0x00000286df2e8000):  JavaThread "Unknown thread" [_thread_in_vm, id=11472, stack(0x000000b92fe00000,0x000000b92ff00000)]

Stack: [0x000000b92fe00000,0x000000b92ff00000]
Native frames: (J=compiled Java code, j=interpreted, Vv=VM code, C=native code)
V  [jvm.dll+0x5f5d5a]
V  [jvm.dll+0x7798b5]
V  [jvm.dll+0x77aecd]
V  [jvm.dll+0x77b583]
V  [jvm.dll+0x244978]
V  [jvm.dll+0x5f3174]
V  [jvm.dll+0x5e7d55]
V  [jvm.dll+0x30068b]
V  [jvm.dll+0x3005fa]
V  [jvm.dll+0x3004d2]
V  [jvm.dll+0x3053c6]
V  [jvm.dll+0x34e0a3]
V  [jvm.dll+0x34e7a6]
V  [jvm.dll+0x34e1a3]
V  [jvm.dll+0x2db0c8]
V  [jvm.dll+0x2dc267]
V  [jvm.dll+0x758057]
V  [jvm.dll+0x75984c]
V  [jvm.dll+0x35b659]
V  [jvm.dll+0x73b67e]
V  [jvm.dll+0x3c39f3]
V  [jvm.dll+0x3c5dd1]
C  [jli.dll+0x5373]
C  [ucrtbase.dll+0x21542]
C  [KERNEL32.DLL+0x16fd4]
C  [ntdll.dll+0x4cec1]


---------------  P R O C E S S  ---------------

Threads class SMR info:
_java_thread_list=0x00000286dda4fa20, length=0, elements={
}

Java Threads: ( => current thread )

Other Threads:
  0x00000286df302800 GCTaskThread "GC Thread#0" [stack: 0x000000b92ff00000,0x000000b930000000] [id=1712]
  0x00000286df32b000 ConcurrentGCThread "G1 Main Marker" [stack: 0x000000b930000000,0x000000b930100000] [id=11916]
  0x00000286df32c800 ConcurrentGCThread "G1 Conc#0" [stack: 0x000000b930100000,0x000000b930200000] [id=12144]

[error occurred during error reporting (printing all threads), id 0xc0000005, EXCEPTION_ACCESS_VIOLATION (0xc0000005) at pc=0x00007ffd1430b8f7]

VM state:not at safepoint (not fully initialized)

VM Mutex/Monitor currently owned by a thread:  ([mutex/lock_event])
[0x00000286df2e4d70] Heap_lock - owner thread: 0x00000286df2e8000

Heap address: 0x00000000a0e00000, size: 1522 MB, Compressed Oops mode: Non-zero based: 0x00000000a0e00000
Narrow klass base: 0x0000000000000000, Narrow klass shift: 0

GC Heap History (0 events):
No events

Deoptimization events (0 events):
No events

Classes redefined (0 events):
No events

Internal exceptions (0 events):
No events

Events (1 events):
Event: 0.007 Loaded shared library C:\Program Files\JetBrains\PhpStorm 2020.3.2\jbr\bin\zip.dll


Dynamic libraries:
0x00007ff6e7050000 - 0x00007ff6e705a000 	C:\Program Files\JetBrains\PhpStorm 2020.3.2\jbr\bin\java.exe
0x00007ffd47f10000 - 0x00007ffd48105000 	C:\Windows\SYSTEM32\ntdll.dll
0x00007ffd47170000 - 0x00007ffd4722d000 	C:\Windows\System32\KERNEL32.DLL
0x00007ffd45bd0000 - 0x00007ffd45e97000 	C:\Windows\System32\KERNELBASE.dll
0x00007ffd457d0000 - 0x00007ffd458d0000 	C:\Windows\System32\ucrtbase.dll
0x00007ffd29770000 - 0x00007ffd29787000 	C:\Program Files\JetBrains\PhpStorm 2020.3.2\jbr\bin\VCRUNTIME140.dll
0x00007ffd395a0000 - 0x00007ffd395b9000 	C:\Program Files\JetBrains\PhpStorm 2020.3.2\jbr\bin\jli.dll
0x00007ffd47550000 - 0x00007ffd476f0000 	C:\Windows\System32\USER32.dll
0x00007ffd45770000 - 0x00007ffd45792000 	C:\Windows\System32\win32u.dll
0x00007ffd37610000 - 0x00007ffd378aa000 	C:\Windows\WinSxS\amd64_microsoft.windows.common-controls_6595b64144ccf1df_6.0.19041.1_none_b555e41d4684ddec\COMCTL32.dll
0x00007ffd47140000 - 0x00007ffd4716a000 	C:\Windows\System32\GDI32.dll
0x00007ffd468d0000 - 0x00007ffd4696e000 	C:\Windows\System32\msvcrt.dll
0x00007ffd45660000 - 0x00007ffd4576a000 	C:\Windows\System32\gdi32full.dll
0x00007ffd45b30000 - 0x00007ffd45bcd000 	C:\Windows\System32\msvcp_win.dll
0x00007ffd47870000 - 0x00007ffd478a0000 	C:\Windows\System32\IMM32.DLL
0x00007ffd1aa50000 - 0x00007ffd1aaed000 	C:\Program Files\JetBrains\PhpStorm 2020.3.2\jbr\bin\msvcp140.dll
0x00007ffd14020000 - 0x00007ffd14b6a000 	C:\Program Files\JetBrains\PhpStorm 2020.3.2\jbr\bin\server\jvm.dll
0x00007ffd46770000 - 0x00007ffd4681a000 	C:\Windows\System32\ADVAPI32.dll
0x00007ffd47440000 - 0x00007ffd474db000 	C:\Windows\System32\sechost.dll
0x00007ffd47c00000 - 0x00007ffd47d23000 	C:\Windows\System32\RPCRT4.dll
0x00007ffd476f0000 - 0x00007ffd476f8000 	C:\Windows\System32\PSAPI.DLL
0x00007ffd3d4b0000 - 0x00007ffd3d4ba000 	C:\Windows\SYSTEM32\VERSION.dll
0x00007ffd2f350000 - 0x00007ffd2f377000 	C:\Windows\SYSTEM32\WINMM.dll
0x00007ffd34990000 - 0x00007ffd34999000 	C:\Windows\SYSTEM32\WSOCK32.dll
0x00007ffd470d0000 - 0x00007ffd4713b000 	C:\Windows\System32\WS2_32.dll
0x00007ffd43600000 - 0x00007ffd43613000 	C:\Windows\SYSTEM32\kernel.appcore.dll
0x00007ffd1fc30000 - 0x00007ffd1fc41000 	C:\Program Files\JetBrains\PhpStorm 2020.3.2\jbr\bin\verify.dll
0x00007ffd3f190000 - 0x00007ffd3f374000 	C:\Windows\SYSTEM32\DBGHELP.DLL
0x00007ffd374d0000 - 0x00007ffd374fc000 	C:\Windows\SYSTEM32\dbgcore.DLL
0x00007ffd45ea0000 - 0x00007ffd45f1f000 	C:\Windows\System32\bcryptPrimitives.dll
0x00007ffd1fc00000 - 0x00007ffd1fc29000 	C:\Program Files\JetBrains\PhpStorm 2020.3.2\jbr\bin\java.dll
0x00007ffd344e0000 - 0x00007ffd344eb000 	C:\Program Files\JetBrains\PhpStorm 2020.3.2\jbr\bin\jimage.dll
0x00007ffd1f1e0000 - 0x00007ffd1f1f8000 	C:\Program Files\JetBrains\PhpStorm 2020.3.2\jbr\bin\zip.dll

dbghelp: loaded successfully - version: 4.0.5 - missing functions: none
symbol engine: initialized successfully - sym options: 0x614 - pdb path: .;C:\Program Files\JetBrains\PhpStorm 2020.3.2\jbr\bin;C:\Windows\SYSTEM32;C:\Windows\WinSxS\amd64_microsoft.windows.common-controls_6595b64144ccf1df_6.0.19041.1_none_b555e41d4684ddec;C:\Program Files\JetBrains\PhpStorm 2020.3.2\jbr\bin\server

VM Arguments:
java_command: git4idea.http.GitAskPassApp Username for 'https://github.com': 
java_class_path (initial): C:/Program Files/JetBrains/PhpStorm 2020.3.2/plugins/git4idea/lib/git4idea-rt.jar;C:/Program Files/JetBrains/PhpStorm 2020.3.2/lib/3rd-party.jar
Launcher Type: SUN_STANDARD

[Global flags]
     intx CICompilerCount                          = 3                                         {product} {ergonomic}
     uint ConcGCThreads                            = 1                                         {product} {ergonomic}
     uint G1ConcRefinementThreads                  = 4                                         {product} {ergonomic}
   size_t G1HeapRegionSize                         = 1048576                                   {product} {ergonomic}
    uintx GCDrainStackTargetSize                   = 64                                        {product} {ergonomic}
   size_t InitialHeapSize                          = 100663296                                 {product} {ergonomic}
   size_t MarkStackSize                            = 4194304                                   {product} {ergonomic}
   size_t MaxHeapSize                              = 1595932672                                {product} {ergonomic}
   size_t MinHeapDeltaBytes                        = 1048576                                   {product} {ergonomic}
    uintx NonNMethodCodeHeapSize                   = 5830732                                {pd product} {ergonomic}
    uintx NonProfiledCodeHeapSize                  = 122913754                              {pd product} {ergonomic}
    uintx ProfiledCodeHeapSize                     = 122913754                              {pd product} {ergonomic}
    uintx ReservedCodeCacheSize                    = 251658240                              {pd product} {ergonomic}
     bool SegmentedCodeCache                       = true                                      {product} {ergonomic}
     bool UseCompressedClassPointers               = true                                 {lp64_product} {ergonomic}
     bool UseCompressedOops                        = true                                 {lp64_product} {ergonomic}
     bool UseG1GC                                  = true                                      {product} {ergonomic}
     bool UseLargePagesIndividualAllocation        = false                                  {pd product} {ergonomic}

Logging:
Log output configuration:
 #0: stdout all=warning uptime,level,tags
 #1: stderr all=off uptime,level,tags

Environment Variables:
PATH=C:\Program Files\Git\mingw64\libexec\git-core;C:\Program Files\Git\mingw64\libexec\git-core;C:\Program Files\Git\mingw64\bin;C:\Program Files\Git\usr\bin;C:\Users\User\bin;C:\Windows\system32;C:\Windows;C:\Windows\System32\Wbem;C:\Windows\System32\WindowsPowerShell\v1.0;C:\Windows\System32\OpenSSH;C:\Program Files (x86)\AMD\ATI.ACE\Core-Static;C:\Program Files\Git\cmd;C:\ProgramData\ComposerSetup\bin;H:\OpenServer\OpenServer\modules\php\PHP_7.2
USERNAME=User
DISPLAY=:0.0
LC_ALL=en_US.UTF-8
OS=Windows_NT
PROCESSOR_IDENTIFIER=AMD64 Family 21 Model 16 Stepping 1, AuthenticAMD



---------------  S Y S T E M  ---------------

OS: Windows 10 , 64 bit Build 19041 (10.0.19041.292)
OS uptime: 5 days 7:25 hours

CPU:total 4 (initial active 4) (4 cores per cpu, 1 threads per core) family 21 model 16 stepping 1 microcode 0x0, cmov, cx8, fxsr, mmx, sse, sse2, sse3, ssse3, sse4.1, sse4.2, popcnt, avx, aes, clmul, mmxext, 3dnowpref, lzcnt, sse4a, tsc, tscinvbit, tscinv, bmi1, fma

Memory: 4k page, system-wide physical 6081M (622M free)
TotalPageFile size 13712M (AvailPageFile size 13M)
current process WorkingSet (physical memory assigned to process): 9M, peak: 9M
current process commit charge ("private bytes"): 51M, peak: 147M

vm_info: OpenJDK 64-Bit Server VM (11.0.11+9-b1504.13) for windows-amd64 JRE (11.0.11+9-b1504.13), built on Jul 18 2021 03:17:44 by "" with MS VC++ 14.0 (VS2015)

END.
